11:40:09:185 [main] DEBUG org.testng.TestNG - suiteXmlPath: "C:\Users\tanay\AppData\Local\Temp\testng-eclipse-1711626866\testng-customsuite.xml"
11:40:09:322 [main] INFO  org.testng.internal.Utils - [Utils] MethodGroupsHelper.collectMethodsByGroup() took 1 ms.
11:40:09:324 [main] INFO  org.testng.internal.Utils - [Utils] MethodGroupsHelper.sortMethods() took 1 ms.
11:40:09:325 [main] INFO  org.testng.internal.Utils - [Utils] MethodGroupsHelper.collectMethodsByGroup() took 0 ms.
11:40:09:325 [main] INFO  org.testng.internal.Utils - [Utils] MethodGroupsHelper.sortMethods() took 0 ms.
11:40:09:326 [main] INFO  org.testng.internal.Utils - [Utils] MethodGroupsHelper.collectMethodsByGroup() took 0 ms.
11:40:09:328 [main] INFO  org.testng.internal.Utils - [Utils] MethodGroupsHelper.sortMethods() took 0 ms.
11:40:09:328 [main] INFO  org.testng.internal.Utils - [Utils] MethodGroupsHelper.collectMethodsByGroup() took 0 ms.
11:40:09:328 [main] INFO  org.testng.internal.Utils - [Utils] MethodGroupsHelper.sortMethods() took 0 ms.
11:40:09:332 [main] INFO  org.testng.internal.Utils - [Utils] MethodGroupsHelper.collectMethodsByGroup() took 2 ms.
11:40:09:337 [main] INFO  org.testng.internal.Utils - [Utils] MethodGroupsHelper.sortMethods() took 5 ms.
11:40:09:338 [main] INFO  org.testng.internal.Utils - [Utils] MethodGroupsHelper.collectMethodsByGroup() took 0 ms.
11:40:09:338 [main] INFO  org.testng.internal.Utils - [Utils] MethodGroupsHelper.sortMethods() took 0 ms.
11:40:09:339 [main] INFO  org.testng.internal.Utils - [Utils] MethodGroupsHelper.collectMethodsByGroup() took 0 ms.
11:40:09:339 [main] INFO  org.testng.internal.Utils - [Utils] MethodGroupsHelper.sortMethods() took 0 ms.
11:40:09:339 [main] INFO  org.testng.internal.Utils - [Utils] MethodGroupsHelper.collectMethodsByGroup() took 0 ms.
11:40:09:339 [main] INFO  org.testng.internal.Utils - [Utils] MethodGroupsHelper.sortMethods() took 0 ms.
11:40:09:340 [main] INFO  org.testng.internal.Utils - [Utils] MethodGroupsHelper.collectMethodsByGroup() took 0 ms.
11:40:09:340 [main] INFO  org.testng.internal.Utils - [Utils] MethodGroupsHelper.sortMethods() took 0 ms.
11:40:09:341 [main] INFO  org.testng.internal.Utils - [Utils] MethodGroupsHelper.collectMethodsByGroup() took 0 ms.
11:40:09:341 [main] INFO  org.testng.internal.Utils - [Utils] MethodGroupsHelper.sortMethods() took 0 ms.
11:40:09:341 [main] INFO  org.testng.internal.Utils - [Utils] MethodGroupsHelper.collectMethodsByGroup() took 0 ms.
11:40:09:341 [main] INFO  org.testng.internal.Utils - [Utils] MethodGroupsHelper.sortMethods() took 0 ms.
11:40:09:341 [main] INFO  org.testng.internal.Utils - [Utils] MethodGroupsHelper.collectMethodsByGroup() took 0 ms.
11:40:09:341 [main] INFO  org.testng.internal.Utils - [Utils] MethodGroupsHelper.sortMethods() took 0 ms.
11:40:09:342 [main] INFO  org.testng.internal.Utils - [Utils] MethodGroupsHelper.collectMethodsByGroup() took 0 ms.
11:40:09:342 [main] INFO  org.testng.internal.Utils - [Utils] MethodGroupsHelper.sortMethods() took 0 ms.
11:40:09:343 [main] INFO  org.testng.internal.Utils - [Utils] MethodGroupsHelper.collectMethodsByGroup() took 0 ms.
11:40:09:343 [main] INFO  org.testng.internal.Utils - [Utils] MethodGroupsHelper.sortMethods() took 0 ms.
11:40:09:343 [main] INFO  org.testng.internal.Utils - [Utils] MethodGroupsHelper.collectMethodsByGroup() took 0 ms.
11:40:09:343 [main] INFO  org.testng.internal.Utils - [Utils] MethodGroupsHelper.sortMethods() took 0 ms.
11:40:09:348 [main] INFO  org.testng.internal.Utils - [TestNG] Running:
  C:\Users\tanay\AppData\Local\Temp\testng-eclipse-1711626866\testng-customsuite.xml

11:40:09:370 [main] INFO  org.testng.internal.Utils - [Utils] DynamicGraphHelper.createDynamicGraph() took 7 ms.
11:40:12:489 [main] INFO  testCases.TC_001_AccountRegistrationTest - ****Starting testcase****
11:40:12:624 [main] INFO  testCases.TC_001_AccountRegistrationTest - ****clicking myaccount****
11:40:12:920 [main] INFO  testCases.TC_001_AccountRegistrationTest - ****clicking on register****
11:40:12:922 [main] INFO  testCases.TC_001_AccountRegistrationTest - ****providing customer details****
11:40:13:814 [main] INFO  testCases.TC_001_AccountRegistrationTest - ****validating expected message****
11:40:13:871 [main] ERROR testCases.TC_001_AccountRegistrationTest - Test Failed 
11:40:13:871 [main] DEBUG testCases.TC_001_AccountRegistrationTest - Debug logs
11:40:14:086 [main] INFO  org.testng.internal.Utils - [TestNG] Time taken by org.testng.reporters.SuiteHTMLReporter@6441c486: 15 ms
11:40:14:122 [main] INFO  org.testng.internal.Utils - [TestNG] Time taken by org.testng.reporters.jq.Main@7918c7f8: 35 ms
11:40:14:128 [main] INFO  org.testng.internal.Utils - [TestNG] Time taken by org.testng.reporters.FailedReporter@3cee53dc: 6 ms
11:40:14:133 [main] INFO  org.testng.internal.Utils - [TestNG] Time taken by org.testng.reporters.XMLReporter@314c8b4a: 5 ms
11:40:14:136 [main] INFO  org.testng.internal.Utils - [TestNG] Time taken by org.testng.reporters.EmailableReporter2@acf859d: 3 ms
11:40:14:141 [main] INFO  org.testng.internal.Utils - [TestNG] Time taken by org.testng.reporters.JUnitReportReporter@57a48985: 5 ms
11:40:14:141 [main] INFO  org.testng.internal.Utils - [TestNG] Time taken by org.testng.internal.ExitCodeListener@1ab6718: 0 ms
12:18:30:642 [main] DEBUG org.testng.TestNG - suiteXmlPath: "C:\Users\tanay\AppData\Local\Temp\testng-eclipse-1530869860\testng-customsuite.xml"
12:18:30:786 [main] INFO  org.testng.internal.Utils - [Utils] MethodGroupsHelper.collectMethodsByGroup() took 0 ms.
12:18:30:787 [main] INFO  org.testng.internal.Utils - [Utils] MethodGroupsHelper.sortMethods() took 1 ms.
12:18:30:789 [main] INFO  org.testng.internal.Utils - [Utils] MethodGroupsHelper.collectMethodsByGroup() took 0 ms.
12:18:30:789 [main] INFO  org.testng.internal.Utils - [Utils] MethodGroupsHelper.sortMethods() took 0 ms.
12:18:30:789 [main] INFO  org.testng.internal.Utils - [Utils] MethodGroupsHelper.collectMethodsByGroup() took 0 ms.
12:18:30:789 [main] INFO  org.testng.internal.Utils - [Utils] MethodGroupsHelper.sortMethods() took 0 ms.
12:18:30:790 [main] INFO  org.testng.internal.Utils - [Utils] MethodGroupsHelper.collectMethodsByGroup() took 0 ms.
12:18:30:790 [main] INFO  org.testng.internal.Utils - [Utils] MethodGroupsHelper.sortMethods() took 0 ms.
12:18:30:793 [main] INFO  org.testng.internal.Utils - [Utils] MethodGroupsHelper.collectMethodsByGroup() took 3 ms.
12:18:30:797 [main] INFO  org.testng.internal.Utils - [Utils] MethodGroupsHelper.sortMethods() took 4 ms.
12:18:30:798 [main] INFO  org.testng.internal.Utils - [Utils] MethodGroupsHelper.collectMethodsByGroup() took 0 ms.
12:18:30:799 [main] INFO  org.testng.internal.Utils - [Utils] MethodGroupsHelper.sortMethods() took 0 ms.
12:18:30:799 [main] INFO  org.testng.internal.Utils - [Utils] MethodGroupsHelper.collectMethodsByGroup() took 0 ms.
12:18:30:799 [main] INFO  org.testng.internal.Utils - [Utils] MethodGroupsHelper.sortMethods() took 0 ms.
12:18:30:799 [main] INFO  org.testng.internal.Utils - [Utils] MethodGroupsHelper.collectMethodsByGroup() took 0 ms.
12:18:30:799 [main] INFO  org.testng.internal.Utils - [Utils] MethodGroupsHelper.sortMethods() took 0 ms.
12:18:30:800 [main] INFO  org.testng.internal.Utils - [Utils] MethodGroupsHelper.collectMethodsByGroup() took 0 ms.
12:18:30:800 [main] INFO  org.testng.internal.Utils - [Utils] MethodGroupsHelper.sortMethods() took 0 ms.
12:18:30:801 [main] INFO  org.testng.internal.Utils - [Utils] MethodGroupsHelper.collectMethodsByGroup() took 0 ms.
12:18:30:801 [main] INFO  org.testng.internal.Utils - [Utils] MethodGroupsHelper.sortMethods() took 0 ms.
12:18:30:801 [main] INFO  org.testng.internal.Utils - [Utils] MethodGroupsHelper.collectMethodsByGroup() took 0 ms.
12:18:30:801 [main] INFO  org.testng.internal.Utils - [Utils] MethodGroupsHelper.sortMethods() took 0 ms.
12:18:30:801 [main] INFO  org.testng.internal.Utils - [Utils] MethodGroupsHelper.collectMethodsByGroup() took 0 ms.
12:18:30:802 [main] INFO  org.testng.internal.Utils - [Utils] MethodGroupsHelper.sortMethods() took 0 ms.
12:18:30:802 [main] INFO  org.testng.internal.Utils - [Utils] MethodGroupsHelper.collectMethodsByGroup() took 0 ms.
12:18:30:803 [main] INFO  org.testng.internal.Utils - [Utils] MethodGroupsHelper.sortMethods() took 0 ms.
12:18:30:803 [main] INFO  org.testng.internal.Utils - [Utils] MethodGroupsHelper.collectMethodsByGroup() took 0 ms.
12:18:30:803 [main] INFO  org.testng.internal.Utils - [Utils] MethodGroupsHelper.sortMethods() took 0 ms.
12:18:30:803 [main] INFO  org.testng.internal.Utils - [Utils] MethodGroupsHelper.collectMethodsByGroup() took 0 ms.
12:18:30:803 [main] INFO  org.testng.internal.Utils - [Utils] MethodGroupsHelper.sortMethods() took 0 ms.
12:18:30:809 [main] INFO  org.testng.internal.Utils - [TestNG] Running:
  C:\Users\tanay\AppData\Local\Temp\testng-eclipse-1530869860\testng-customsuite.xml

12:18:30:836 [main] INFO  org.testng.internal.Utils - [Utils] DynamicGraphHelper.createDynamicGraph() took 4 ms.
12:18:33:668 [main] INFO  testCases.TC_001_AccountRegistrationTest - ****Starting testcase****
12:18:33:736 [main] INFO  testCases.TC_001_AccountRegistrationTest - ****clicking myaccount****
12:18:34:104 [main] INFO  testCases.TC_001_AccountRegistrationTest - ****clicking on register****
12:18:34:107 [main] INFO  testCases.TC_001_AccountRegistrationTest - ****providing customer details****
12:18:35:058 [main] INFO  testCases.TC_001_AccountRegistrationTest - ****validating expected message****
12:18:35:101 [main] INFO  testCases.TC_001_AccountRegistrationTest - ****ending testcase****
12:18:35:337 [main] INFO  org.testng.internal.Utils - [TestNG] Time taken by org.testng.reporters.SuiteHTMLReporter@b18c4: 19 ms
12:18:35:373 [main] INFO  org.testng.internal.Utils - [TestNG] Time taken by org.testng.reporters.jq.Main@7cb2651f: 36 ms
12:18:35:374 [main] INFO  org.testng.internal.Utils - [TestNG] Time taken by org.testng.reporters.FailedReporter@4441d567: 1 ms
12:18:35:378 [main] INFO  org.testng.internal.Utils - [TestNG] Time taken by org.testng.reporters.XMLReporter@a20b94b: 4 ms
12:18:35:381 [main] INFO  org.testng.internal.Utils - [TestNG] Time taken by org.testng.reporters.EmailableReporter2@3c6aa04a: 3 ms
12:18:35:385 [main] INFO  org.testng.internal.Utils - [TestNG] Time taken by org.testng.reporters.JUnitReportReporter@1fde4f40: 4 ms
12:18:35:385 [main] INFO  org.testng.internal.Utils - [TestNG] Time taken by org.testng.internal.ExitCodeListener@49cf9028: 0 ms
15:52:21:907 [main] DEBUG org.testng.TestNG - suiteXmlPath: "C:\Users\tanay\eclipse-workspace\OpencartV02\master.xml"
15:52:22:209 [main] INFO  org.testng.internal.Utils - [TestNG] Running:
  C:\Users\tanay\eclipse-workspace\OpencartV02\master.xml

15:52:24:968 [main] INFO  testCases.TC_001_AccountRegistrationTest - ****Starting testcase****
15:52:25:071 [main] INFO  testCases.TC_001_AccountRegistrationTest - ****clicking myaccount****
15:52:25:861 [main] INFO  testCases.TC_001_AccountRegistrationTest - ****clicking on register****
15:52:25:864 [main] INFO  testCases.TC_001_AccountRegistrationTest - ****providing customer details****
15:52:27:491 [main] INFO  testCases.TC_001_AccountRegistrationTest - ****validating expected message****
15:52:27:539 [main] INFO  testCases.TC_001_AccountRegistrationTest - ****ending testcase****
15:59:09:904 [main] DEBUG org.testng.TestNG - suiteXmlPath: "C:\Users\tanay\eclipse-workspace\OpencartV02\crossbrowser.xml"
15:59:10:215 [main] INFO  org.testng.internal.Utils - [TestNG] Running:
  C:\Users\tanay\eclipse-workspace\OpencartV02\crossbrowser.xml

15:59:13:992 [main] INFO  testCases.TC_001_AccountRegistrationTest - ****Starting testcase****
15:59:14:140 [main] INFO  testCases.TC_001_AccountRegistrationTest - ****clicking myaccount****
15:59:14:644 [main] INFO  testCases.TC_001_AccountRegistrationTest - ****clicking on register****
15:59:14:647 [main] INFO  testCases.TC_001_AccountRegistrationTest - ****providing customer details****
15:59:16:230 [main] INFO  testCases.TC_001_AccountRegistrationTest - ****validating expected message****
15:59:16:273 [main] INFO  testCases.TC_001_AccountRegistrationTest - ****ending testcase****
16:00:01:970 [main] INFO  testCases.TC_001_AccountRegistrationTest - ****Starting testcase****
16:00:02:052 [main] INFO  testCases.TC_001_AccountRegistrationTest - ****clicking myaccount****
16:00:02:641 [main] INFO  testCases.TC_001_AccountRegistrationTest - ****clicking on register****
16:00:02:641 [main] INFO  testCases.TC_001_AccountRegistrationTest - ****providing customer details****
16:00:04:687 [main] INFO  testCases.TC_001_AccountRegistrationTest - ****validating expected message****
16:00:04:729 [main] INFO  testCases.TC_001_AccountRegistrationTest - ****ending testcase****
16:00:49:914 [main] DEBUG org.testng.TestNG - suiteXmlPath: "C:\Users\tanay\eclipse-workspace\OpencartV02\crossbrowser.xml"
16:00:50:185 [main] INFO  org.testng.internal.Utils - [TestNG] Running:
  C:\Users\tanay\eclipse-workspace\OpencartV02\crossbrowser.xml

16:00:54:399 [main] INFO  testCases.TC_001_AccountRegistrationTest - ****Starting testcase****
16:00:54:511 [main] INFO  testCases.TC_001_AccountRegistrationTest - ****clicking myaccount****
16:00:56:012 [main] INFO  testCases.TC_001_AccountRegistrationTest - ****clicking on register****
16:00:56:014 [main] INFO  testCases.TC_001_AccountRegistrationTest - ****providing customer details****
16:00:57:624 [main] INFO  testCases.TC_001_AccountRegistrationTest - ****validating expected message****
16:00:57:668 [main] INFO  testCases.TC_001_AccountRegistrationTest - ****ending testcase****
16:01:00:908 [main] INFO  testCases.TC_001_AccountRegistrationTest - ****Starting testcase****
16:01:01:200 [main] INFO  testCases.TC_001_AccountRegistrationTest - ****clicking myaccount****
16:01:01:500 [main] INFO  testCases.TC_001_AccountRegistrationTest - ****Starting testcase****
16:01:01:611 [main] INFO  testCases.TC_001_AccountRegistrationTest - ****clicking myaccount****
16:01:01:995 [main] INFO  testCases.TC_001_AccountRegistrationTest - ****clicking on register****
16:01:01:995 [main] INFO  testCases.TC_001_AccountRegistrationTest - ****providing customer details****
16:01:02:419 [main] INFO  testCases.TC_001_AccountRegistrationTest - ****clicking on register****
16:01:02:423 [main] INFO  testCases.TC_001_AccountRegistrationTest - ****providing customer details****
16:01:03:114 [main] INFO  testCases.TC_001_AccountRegistrationTest - ****validating expected message****
16:01:03:140 [main] INFO  testCases.TC_001_AccountRegistrationTest - ****ending testcase****
16:01:03:954 [main] INFO  testCases.TC_001_AccountRegistrationTest - ****validating expected message****
16:01:04:005 [main] INFO  testCases.TC_001_AccountRegistrationTest - ****ending testcase****
16:01:10:979 [main] INFO  testCases.TC_001_AccountRegistrationTest - ****Starting testcase****
16:01:11:265 [main] INFO  testCases.TC_001_AccountRegistrationTest - ****clicking myaccount****
16:01:11:750 [main] INFO  testCases.TC_001_AccountRegistrationTest - ****clicking on register****
16:01:11:752 [main] INFO  testCases.TC_001_AccountRegistrationTest - ****providing customer details****
16:01:12:746 [main] INFO  testCases.TC_001_AccountRegistrationTest - ****validating expected message****
16:01:12:770 [main] INFO  testCases.TC_001_AccountRegistrationTest - ****ending testcase****
16:01:59:059 [main] DEBUG org.testng.TestNG - suiteXmlPath: "C:\Users\tanay\eclipse-workspace\OpencartV02\crossbrowser.xml"
16:01:59:376 [main] INFO  org.testng.internal.Utils - [TestNG] Running:
  C:\Users\tanay\eclipse-workspace\OpencartV02\crossbrowser.xml

16:02:02:765 [TestNG-tests-2] INFO  testCases.TC_001_AccountRegistrationTest - ****Starting testcase****
16:02:02:888 [TestNG-tests-2] INFO  testCases.TC_001_AccountRegistrationTest - ****clicking myaccount****
16:02:03:353 [TestNG-tests-2] INFO  testCases.TC_001_AccountRegistrationTest - ****clicking on register****
16:02:03:357 [TestNG-tests-2] INFO  testCases.TC_001_AccountRegistrationTest - ****providing customer details****
16:02:03:740 [TestNG-tests-1] INFO  testCases.TC_001_AccountRegistrationTest - ****Starting testcase****
16:02:03:884 [TestNG-tests-1] INFO  testCases.TC_001_AccountRegistrationTest - ****clicking myaccount****
16:02:04:464 [TestNG-tests-1] INFO  testCases.TC_001_AccountRegistrationTest - ****clicking on register****
16:02:04:466 [TestNG-tests-1] INFO  testCases.TC_001_AccountRegistrationTest - ****providing customer details****
16:02:04:824 [TestNG-tests-2] INFO  testCases.TC_001_AccountRegistrationTest - ****validating expected message****
16:02:04:877 [TestNG-tests-2] INFO  testCases.TC_001_AccountRegistrationTest - ****ending testcase****
16:02:05:681 [TestNG-tests-3] INFO  testCases.TC_001_AccountRegistrationTest - ****Starting testcase****
16:02:05:726 [TestNG-tests-1] INFO  testCases.TC_001_AccountRegistrationTest - ****validating expected message****
16:02:05:776 [TestNG-tests-1] INFO  testCases.TC_001_AccountRegistrationTest - ****ending testcase****
16:02:05:953 [TestNG-tests-3] INFO  testCases.TC_001_AccountRegistrationTest - ****clicking myaccount****
16:02:06:323 [TestNG-tests-3] INFO  testCases.TC_001_AccountRegistrationTest - ****clicking on register****
16:02:06:327 [TestNG-tests-3] INFO  testCases.TC_001_AccountRegistrationTest - ****providing customer details****
16:02:07:462 [TestNG-tests-3] INFO  testCases.TC_001_AccountRegistrationTest - ****validating expected message****
16:02:07:502 [TestNG-tests-3] INFO  testCases.TC_001_AccountRegistrationTest - ****ending testcase****
16:20:00:754 [main] DEBUG org.testng.TestNG - suiteXmlPath: "C:\Users\tanay\eclipse-workspace\OpencartV02\master.xml"
16:20:01:068 [main] INFO  org.testng.internal.Utils - [TestNG] Running:
  C:\Users\tanay\eclipse-workspace\OpencartV02\master.xml

16:20:28:263 [main] DEBUG org.testng.TestNG - suiteXmlPath: "C:\Users\tanay\eclipse-workspace\OpencartV02\master.xml"
16:20:28:558 [main] INFO  org.testng.internal.Utils - [TestNG] Running:
  C:\Users\tanay\eclipse-workspace\OpencartV02\master.xml

16:21:44:567 [main] DEBUG org.testng.TestNG - suiteXmlPath: "C:\Users\tanay\eclipse-workspace\OpencartV02\master.xml"
16:21:44:865 [main] INFO  org.testng.internal.Utils - [TestNG] Running:
  C:\Users\tanay\eclipse-workspace\OpencartV02\master.xml

16:24:20:376 [main] DEBUG org.testng.TestNG - suiteXmlPath: "C:\Users\tanay\eclipse-workspace\OpencartV02\master.xml"
16:24:20:665 [main] INFO  org.testng.internal.Utils - [TestNG] Running:
  C:\Users\tanay\eclipse-workspace\OpencartV02\master.xml

16:26:02:016 [main] DEBUG org.testng.TestNG - suiteXmlPath: "C:\Users\tanay\eclipse-workspace\OpencartV02\master.xml"
16:26:02:301 [main] INFO  org.testng.internal.Utils - [TestNG] Running:
  C:\Users\tanay\eclipse-workspace\OpencartV02\master.xml

16:26:08:031 [main] INFO  testCases.TC_001_AccountRegistrationTest - ****Starting testcase****
16:26:08:168 [main] INFO  testCases.TC_001_AccountRegistrationTest - ****clicking myaccount****
16:26:08:980 [main] INFO  testCases.TC_001_AccountRegistrationTest - ****clicking on register****
16:26:08:984 [main] INFO  testCases.TC_001_AccountRegistrationTest - ****providing customer details****
16:26:10:969 [main] INFO  testCases.TC_001_AccountRegistrationTest - ****validating expected message****
16:26:11:039 [main] INFO  testCases.TC_001_AccountRegistrationTest - ****ending testcase****
16:27:59:798 [main] DEBUG org.testng.TestNG - suiteXmlPath: "C:\Users\tanay\eclipse-workspace\OpencartV02\master.xml"
16:28:00:087 [main] INFO  org.testng.internal.Utils - [TestNG] Running:
  C:\Users\tanay\eclipse-workspace\OpencartV02\master.xml

16:28:11:724 [main] INFO  testCases.TC_001_AccountRegistrationTest - ****Starting testcase****
16:28:11:840 [main] INFO  testCases.TC_001_AccountRegistrationTest - ****clicking myaccount****
16:28:51:835 [main] INFO  testCases.TC_001_AccountRegistrationTest - ****clicking on register****
16:28:51:835 [main] INFO  testCases.TC_001_AccountRegistrationTest - ****providing customer details****
16:28:53:677 [main] INFO  testCases.TC_001_AccountRegistrationTest - ****validating expected message****
16:28:53:730 [main] INFO  testCases.TC_001_AccountRegistrationTest - ****ending testcase****
20:08:39:448 [main] DEBUG org.testng.TestNG - suiteXmlPath: "C:\Users\tanay\eclipse-workspace\OpencartV02\master.xml"
20:08:39:777 [main] INFO  org.testng.internal.Utils - [TestNG] Running:
  C:\Users\tanay\eclipse-workspace\OpencartV02\master.xml

20:09:15:075 [main] DEBUG org.testng.TestNG - suiteXmlPath: "C:\Users\tanay\eclipse-workspace\OpencartV02\master.xml"
20:09:15:329 [main] INFO  org.testng.internal.Utils - [TestNG] Running:
  C:\Users\tanay\eclipse-workspace\OpencartV02\master.xml

20:12:35:521 [main] DEBUG org.testng.TestNG - suiteXmlPath: "C:\Users\tanay\eclipse-workspace\OpencartV02\master.xml"
20:12:35:861 [main] INFO  org.testng.internal.Utils - [TestNG] Running:
  C:\Users\tanay\eclipse-workspace\OpencartV02\master.xml

20:15:42:159 [main] DEBUG org.testng.TestNG - suiteXmlPath: "C:\Users\tanay\eclipse-workspace\OpencartV02\master.xml"
20:15:42:418 [main] INFO  org.testng.internal.Utils - [TestNG] Running:
  C:\Users\tanay\eclipse-workspace\OpencartV02\master.xml

20:23:40:444 [main] DEBUG org.testng.TestNG - suiteXmlPath: "C:\Users\tanay\eclipse-workspace\OpencartV02\master.xml"
20:23:40:716 [main] INFO  org.testng.internal.Utils - [TestNG] Running:
  C:\Users\tanay\eclipse-workspace\OpencartV02\master.xml

20:24:23:289 [main] INFO  testCases.TC_002_LoginTest - *****starting TC_002_LoginTest****
20:24:24:636 [main] INFO  testCases.TC_002_LoginTest - ****finished login test
23:51:32:677 [main] DEBUG org.testng.TestNG - suiteXmlPath: "C:\Users\tanay\eclipse-workspace\OpencartV02\master.xml"
23:51:32:961 [main] INFO  org.testng.internal.Utils - [TestNG] Running:
  C:\Users\tanay\eclipse-workspace\OpencartV02\master.xml

23:51:36:810 [main] DEBUG org.apache.poi.openxml4j.opc.PackageRelationshipCollection - Parsing relationship: /xl/_rels/workbook.xml.rels
23:51:36:818 [main] DEBUG org.apache.poi.openxml4j.opc.PackageRelationshipCollection - Parsing relationship: /xl/worksheets/_rels/sheet1.xml.rels
23:51:36:821 [main] DEBUG org.apache.poi.openxml4j.opc.PackageRelationshipCollection - Parsing relationship: /_rels/.rels
23:51:37:325 [main] DEBUG org.apache.poi.ooxml.POIXMLFactory - using default POIXMLDocumentPart for http://schemas.openxmlformats.org/officeDocument/2006/relationships/printerSettings
23:51:37:429 [main] DEBUG org.apache.poi.openxml4j.opc.PackageRelationshipCollection - Parsing relationship: /xl/_rels/workbook.xml.rels
23:51:37:430 [main] DEBUG org.apache.poi.openxml4j.opc.PackageRelationshipCollection - Parsing relationship: /xl/worksheets/_rels/sheet1.xml.rels
23:51:37:431 [main] DEBUG org.apache.poi.openxml4j.opc.PackageRelationshipCollection - Parsing relationship: /_rels/.rels
23:51:37:444 [main] DEBUG org.apache.poi.ooxml.POIXMLFactory - using default POIXMLDocumentPart for http://schemas.openxmlformats.org/officeDocument/2006/relationships/printerSettings
23:51:37:460 [main] DEBUG org.apache.poi.openxml4j.opc.PackageRelationshipCollection - Parsing relationship: /xl/_rels/workbook.xml.rels
23:51:37:461 [main] DEBUG org.apache.poi.openxml4j.opc.PackageRelationshipCollection - Parsing relationship: /xl/worksheets/_rels/sheet1.xml.rels
23:51:37:462 [main] DEBUG org.apache.poi.openxml4j.opc.PackageRelationshipCollection - Parsing relationship: /_rels/.rels
23:51:37:476 [main] DEBUG org.apache.poi.ooxml.POIXMLFactory - using default POIXMLDocumentPart for http://schemas.openxmlformats.org/officeDocument/2006/relationships/printerSettings
23:51:37:501 [main] DEBUG org.apache.poi.openxml4j.opc.PackageRelationshipCollection - Parsing relationship: /xl/_rels/workbook.xml.rels
23:51:37:502 [main] DEBUG org.apache.poi.openxml4j.opc.PackageRelationshipCollection - Parsing relationship: /xl/worksheets/_rels/sheet1.xml.rels
23:51:37:503 [main] DEBUG org.apache.poi.openxml4j.opc.PackageRelationshipCollection - Parsing relationship: /_rels/.rels
23:51:37:511 [main] DEBUG org.apache.poi.ooxml.POIXMLFactory - using default POIXMLDocumentPart for http://schemas.openxmlformats.org/officeDocument/2006/relationships/printerSettings
23:51:37:524 [main] DEBUG org.apache.poi.openxml4j.opc.PackageRelationshipCollection - Parsing relationship: /xl/_rels/workbook.xml.rels
23:51:37:525 [main] DEBUG org.apache.poi.openxml4j.opc.PackageRelationshipCollection - Parsing relationship: /xl/worksheets/_rels/sheet1.xml.rels
23:51:37:526 [main] DEBUG org.apache.poi.openxml4j.opc.PackageRelationshipCollection - Parsing relationship: /_rels/.rels
23:51:37:534 [main] DEBUG org.apache.poi.ooxml.POIXMLFactory - using default POIXMLDocumentPart for http://schemas.openxmlformats.org/officeDocument/2006/relationships/printerSettings
23:51:37:547 [main] DEBUG org.apache.poi.openxml4j.opc.PackageRelationshipCollection - Parsing relationship: /xl/_rels/workbook.xml.rels
23:51:37:548 [main] DEBUG org.apache.poi.openxml4j.opc.PackageRelationshipCollection - Parsing relationship: /xl/worksheets/_rels/sheet1.xml.rels
23:51:37:549 [main] DEBUG org.apache.poi.openxml4j.opc.PackageRelationshipCollection - Parsing relationship: /_rels/.rels
23:51:37:559 [main] DEBUG org.apache.poi.ooxml.POIXMLFactory - using default POIXMLDocumentPart for http://schemas.openxmlformats.org/officeDocument/2006/relationships/printerSettings
23:51:37:575 [main] DEBUG org.apache.poi.openxml4j.opc.PackageRelationshipCollection - Parsing relationship: /xl/_rels/workbook.xml.rels
23:51:37:576 [main] DEBUG org.apache.poi.openxml4j.opc.PackageRelationshipCollection - Parsing relationship: /xl/worksheets/_rels/sheet1.xml.rels
23:51:37:577 [main] DEBUG org.apache.poi.openxml4j.opc.PackageRelationshipCollection - Parsing relationship: /_rels/.rels
23:51:37:584 [main] DEBUG org.apache.poi.ooxml.POIXMLFactory - using default POIXMLDocumentPart for http://schemas.openxmlformats.org/officeDocument/2006/relationships/printerSettings
23:51:37:596 [main] DEBUG org.apache.poi.openxml4j.opc.PackageRelationshipCollection - Parsing relationship: /xl/_rels/workbook.xml.rels
23:51:37:597 [main] DEBUG org.apache.poi.openxml4j.opc.PackageRelationshipCollection - Parsing relationship: /xl/worksheets/_rels/sheet1.xml.rels
23:51:37:598 [main] DEBUG org.apache.poi.openxml4j.opc.PackageRelationshipCollection - Parsing relationship: /_rels/.rels
23:51:37:605 [main] DEBUG org.apache.poi.ooxml.POIXMLFactory - using default POIXMLDocumentPart for http://schemas.openxmlformats.org/officeDocument/2006/relationships/printerSettings
23:51:37:616 [main] DEBUG org.apache.poi.openxml4j.opc.PackageRelationshipCollection - Parsing relationship: /xl/_rels/workbook.xml.rels
23:51:37:616 [main] DEBUG org.apache.poi.openxml4j.opc.PackageRelationshipCollection - Parsing relationship: /xl/worksheets/_rels/sheet1.xml.rels
23:51:37:617 [main] DEBUG org.apache.poi.openxml4j.opc.PackageRelationshipCollection - Parsing relationship: /_rels/.rels
23:51:37:624 [main] DEBUG org.apache.poi.ooxml.POIXMLFactory - using default POIXMLDocumentPart for http://schemas.openxmlformats.org/officeDocument/2006/relationships/printerSettings
23:51:37:634 [main] DEBUG org.apache.poi.openxml4j.opc.PackageRelationshipCollection - Parsing relationship: /xl/_rels/workbook.xml.rels
23:51:37:635 [main] DEBUG org.apache.poi.openxml4j.opc.PackageRelationshipCollection - Parsing relationship: /xl/worksheets/_rels/sheet1.xml.rels
23:51:37:635 [main] DEBUG org.apache.poi.openxml4j.opc.PackageRelationshipCollection - Parsing relationship: /_rels/.rels
23:51:37:642 [main] DEBUG org.apache.poi.ooxml.POIXMLFactory - using default POIXMLDocumentPart for http://schemas.openxmlformats.org/officeDocument/2006/relationships/printerSettings
23:51:37:653 [main] DEBUG org.apache.poi.openxml4j.opc.PackageRelationshipCollection - Parsing relationship: /xl/_rels/workbook.xml.rels
23:51:37:653 [main] DEBUG org.apache.poi.openxml4j.opc.PackageRelationshipCollection - Parsing relationship: /xl/worksheets/_rels/sheet1.xml.rels
23:51:37:654 [main] DEBUG org.apache.poi.openxml4j.opc.PackageRelationshipCollection - Parsing relationship: /_rels/.rels
23:51:37:662 [main] DEBUG org.apache.poi.ooxml.POIXMLFactory - using default POIXMLDocumentPart for http://schemas.openxmlformats.org/officeDocument/2006/relationships/printerSettings
23:51:37:673 [main] DEBUG org.apache.poi.openxml4j.opc.PackageRelationshipCollection - Parsing relationship: /xl/_rels/workbook.xml.rels
23:51:37:674 [main] DEBUG org.apache.poi.openxml4j.opc.PackageRelationshipCollection - Parsing relationship: /xl/worksheets/_rels/sheet1.xml.rels
23:51:37:675 [main] DEBUG org.apache.poi.openxml4j.opc.PackageRelationshipCollection - Parsing relationship: /_rels/.rels
23:51:37:682 [main] DEBUG org.apache.poi.ooxml.POIXMLFactory - using default POIXMLDocumentPart for http://schemas.openxmlformats.org/officeDocument/2006/relationships/printerSettings
23:51:37:692 [main] DEBUG org.apache.poi.openxml4j.opc.PackageRelationshipCollection - Parsing relationship: /xl/_rels/workbook.xml.rels
23:51:37:693 [main] DEBUG org.apache.poi.openxml4j.opc.PackageRelationshipCollection - Parsing relationship: /xl/worksheets/_rels/sheet1.xml.rels
23:51:37:693 [main] DEBUG org.apache.poi.openxml4j.opc.PackageRelationshipCollection - Parsing relationship: /_rels/.rels
23:51:37:700 [main] DEBUG org.apache.poi.ooxml.POIXMLFactory - using default POIXMLDocumentPart for http://schemas.openxmlformats.org/officeDocument/2006/relationships/printerSettings
23:51:37:710 [main] DEBUG org.apache.poi.openxml4j.opc.PackageRelationshipCollection - Parsing relationship: /xl/_rels/workbook.xml.rels
23:51:37:711 [main] DEBUG org.apache.poi.openxml4j.opc.PackageRelationshipCollection - Parsing relationship: /xl/worksheets/_rels/sheet1.xml.rels
23:51:37:711 [main] DEBUG org.apache.poi.openxml4j.opc.PackageRelationshipCollection - Parsing relationship: /_rels/.rels
23:51:37:717 [main] DEBUG org.apache.poi.ooxml.POIXMLFactory - using default POIXMLDocumentPart for http://schemas.openxmlformats.org/officeDocument/2006/relationships/printerSettings
23:51:37:726 [main] DEBUG org.apache.poi.openxml4j.opc.PackageRelationshipCollection - Parsing relationship: /xl/_rels/workbook.xml.rels
23:51:37:727 [main] DEBUG org.apache.poi.openxml4j.opc.PackageRelationshipCollection - Parsing relationship: /xl/worksheets/_rels/sheet1.xml.rels
23:51:37:728 [main] DEBUG org.apache.poi.openxml4j.opc.PackageRelationshipCollection - Parsing relationship: /_rels/.rels
23:51:37:734 [main] DEBUG org.apache.poi.ooxml.POIXMLFactory - using default POIXMLDocumentPart for http://schemas.openxmlformats.org/officeDocument/2006/relationships/printerSettings
23:51:37:743 [main] DEBUG org.apache.poi.openxml4j.opc.PackageRelationshipCollection - Parsing relationship: /xl/_rels/workbook.xml.rels
23:51:37:744 [main] DEBUG org.apache.poi.openxml4j.opc.PackageRelationshipCollection - Parsing relationship: /xl/worksheets/_rels/sheet1.xml.rels
23:51:37:745 [main] DEBUG org.apache.poi.openxml4j.opc.PackageRelationshipCollection - Parsing relationship: /_rels/.rels
23:51:37:755 [main] DEBUG org.apache.poi.ooxml.POIXMLFactory - using default POIXMLDocumentPart for http://schemas.openxmlformats.org/officeDocument/2006/relationships/printerSettings
23:51:37:765 [main] DEBUG org.apache.poi.openxml4j.opc.PackageRelationshipCollection - Parsing relationship: /xl/_rels/workbook.xml.rels
23:51:37:766 [main] DEBUG org.apache.poi.openxml4j.opc.PackageRelationshipCollection - Parsing relationship: /xl/worksheets/_rels/sheet1.xml.rels
23:51:37:766 [main] DEBUG org.apache.poi.openxml4j.opc.PackageRelationshipCollection - Parsing relationship: /_rels/.rels
23:51:37:772 [main] DEBUG org.apache.poi.ooxml.POIXMLFactory - using default POIXMLDocumentPart for http://schemas.openxmlformats.org/officeDocument/2006/relationships/printerSettings
23:51:37:797 [main] INFO  testCases.TC003_LoginDDT - ****starting loginDDTtest****
23:51:39:915 [main] INFO  testCases.TC003_LoginDDT - finshed loginDDTtest****
23:51:39:925 [main] INFO  testCases.TC003_LoginDDT - ****starting loginDDTtest****
23:51:41:662 [main] INFO  testCases.TC003_LoginDDT - ****starting loginDDTtest****
23:51:43:561 [main] INFO  testCases.TC003_LoginDDT - ****starting loginDDTtest****
23:51:54:649 [main] INFO  testCases.TC003_LoginDDT - finshed loginDDTtest****
23:51:54:656 [main] INFO  testCases.TC003_LoginDDT - ****starting loginDDTtest****
23:51:56:160 [main] INFO  testCases.TC003_LoginDDT - finshed loginDDTtest****
23:57:34:307 [main] DEBUG org.testng.TestNG - suiteXmlPath: "C:\Users\tanay\eclipse-workspace\OpencartV02\master.xml"
23:57:34:622 [main] INFO  org.testng.internal.Utils - [TestNG] Running:
  C:\Users\tanay\eclipse-workspace\OpencartV02\master.xml

23:57:37:949 [main] DEBUG org.apache.poi.openxml4j.opc.PackageRelationshipCollection - Parsing relationship: /xl/_rels/workbook.xml.rels
23:57:37:953 [main] DEBUG org.apache.poi.openxml4j.opc.PackageRelationshipCollection - Parsing relationship: /xl/worksheets/_rels/sheet1.xml.rels
23:57:37:956 [main] DEBUG org.apache.poi.openxml4j.opc.PackageRelationshipCollection - Parsing relationship: /_rels/.rels
23:57:38:405 [main] DEBUG org.apache.poi.ooxml.POIXMLFactory - using default POIXMLDocumentPart for http://schemas.openxmlformats.org/officeDocument/2006/relationships/printerSettings
23:57:38:504 [main] DEBUG org.apache.poi.openxml4j.opc.PackageRelationshipCollection - Parsing relationship: /xl/_rels/workbook.xml.rels
23:57:38:505 [main] DEBUG org.apache.poi.openxml4j.opc.PackageRelationshipCollection - Parsing relationship: /xl/worksheets/_rels/sheet1.xml.rels
23:57:38:506 [main] DEBUG org.apache.poi.openxml4j.opc.PackageRelationshipCollection - Parsing relationship: /_rels/.rels
23:57:38:518 [main] DEBUG org.apache.poi.ooxml.POIXMLFactory - using default POIXMLDocumentPart for http://schemas.openxmlformats.org/officeDocument/2006/relationships/printerSettings
23:57:38:533 [main] DEBUG org.apache.poi.openxml4j.opc.PackageRelationshipCollection - Parsing relationship: /xl/_rels/workbook.xml.rels
23:57:38:534 [main] DEBUG org.apache.poi.openxml4j.opc.PackageRelationshipCollection - Parsing relationship: /xl/worksheets/_rels/sheet1.xml.rels
23:57:38:535 [main] DEBUG org.apache.poi.openxml4j.opc.PackageRelationshipCollection - Parsing relationship: /_rels/.rels
23:57:38:546 [main] DEBUG org.apache.poi.ooxml.POIXMLFactory - using default POIXMLDocumentPart for http://schemas.openxmlformats.org/officeDocument/2006/relationships/printerSettings
23:57:38:567 [main] DEBUG org.apache.poi.openxml4j.opc.PackageRelationshipCollection - Parsing relationship: /xl/_rels/workbook.xml.rels
23:57:38:568 [main] DEBUG org.apache.poi.openxml4j.opc.PackageRelationshipCollection - Parsing relationship: /xl/worksheets/_rels/sheet1.xml.rels
23:57:38:569 [main] DEBUG org.apache.poi.openxml4j.opc.PackageRelationshipCollection - Parsing relationship: /_rels/.rels
23:57:38:578 [main] DEBUG org.apache.poi.ooxml.POIXMLFactory - using default POIXMLDocumentPart for http://schemas.openxmlformats.org/officeDocument/2006/relationships/printerSettings
23:57:38:590 [main] DEBUG org.apache.poi.openxml4j.opc.PackageRelationshipCollection - Parsing relationship: /xl/_rels/workbook.xml.rels
23:57:38:591 [main] DEBUG org.apache.poi.openxml4j.opc.PackageRelationshipCollection - Parsing relationship: /xl/worksheets/_rels/sheet1.xml.rels
23:57:38:592 [main] DEBUG org.apache.poi.openxml4j.opc.PackageRelationshipCollection - Parsing relationship: /_rels/.rels
23:57:38:601 [main] DEBUG org.apache.poi.ooxml.POIXMLFactory - using default POIXMLDocumentPart for http://schemas.openxmlformats.org/officeDocument/2006/relationships/printerSettings
23:57:38:614 [main] DEBUG org.apache.poi.openxml4j.opc.PackageRelationshipCollection - Parsing relationship: /xl/_rels/workbook.xml.rels
23:57:38:615 [main] DEBUG org.apache.poi.openxml4j.opc.PackageRelationshipCollection - Parsing relationship: /xl/worksheets/_rels/sheet1.xml.rels
23:57:38:616 [main] DEBUG org.apache.poi.openxml4j.opc.PackageRelationshipCollection - Parsing relationship: /_rels/.rels
23:57:38:626 [main] DEBUG org.apache.poi.ooxml.POIXMLFactory - using default POIXMLDocumentPart for http://schemas.openxmlformats.org/officeDocument/2006/relationships/printerSettings
23:57:38:641 [main] DEBUG org.apache.poi.openxml4j.opc.PackageRelationshipCollection - Parsing relationship: /xl/_rels/workbook.xml.rels
23:57:38:642 [main] DEBUG org.apache.poi.openxml4j.opc.PackageRelationshipCollection - Parsing relationship: /xl/worksheets/_rels/sheet1.xml.rels
23:57:38:642 [main] DEBUG org.apache.poi.openxml4j.opc.PackageRelationshipCollection - Parsing relationship: /_rels/.rels
23:57:38:651 [main] DEBUG org.apache.poi.ooxml.POIXMLFactory - using default POIXMLDocumentPart for http://schemas.openxmlformats.org/officeDocument/2006/relationships/printerSettings
23:57:38:663 [main] DEBUG org.apache.poi.openxml4j.opc.PackageRelationshipCollection - Parsing relationship: /xl/_rels/workbook.xml.rels
23:57:38:665 [main] DEBUG org.apache.poi.openxml4j.opc.PackageRelationshipCollection - Parsing relationship: /xl/worksheets/_rels/sheet1.xml.rels
23:57:38:665 [main] DEBUG org.apache.poi.openxml4j.opc.PackageRelationshipCollection - Parsing relationship: /_rels/.rels
23:57:38:673 [main] DEBUG org.apache.poi.ooxml.POIXMLFactory - using default POIXMLDocumentPart for http://schemas.openxmlformats.org/officeDocument/2006/relationships/printerSettings
23:57:38:685 [main] DEBUG org.apache.poi.openxml4j.opc.PackageRelationshipCollection - Parsing relationship: /xl/_rels/workbook.xml.rels
23:57:38:685 [main] DEBUG org.apache.poi.openxml4j.opc.PackageRelationshipCollection - Parsing relationship: /xl/worksheets/_rels/sheet1.xml.rels
23:57:38:686 [main] DEBUG org.apache.poi.openxml4j.opc.PackageRelationshipCollection - Parsing relationship: /_rels/.rels
23:57:38:696 [main] DEBUG org.apache.poi.ooxml.POIXMLFactory - using default POIXMLDocumentPart for http://schemas.openxmlformats.org/officeDocument/2006/relationships/printerSettings
23:57:38:706 [main] DEBUG org.apache.poi.openxml4j.opc.PackageRelationshipCollection - Parsing relationship: /xl/_rels/workbook.xml.rels
23:57:38:707 [main] DEBUG org.apache.poi.openxml4j.opc.PackageRelationshipCollection - Parsing relationship: /xl/worksheets/_rels/sheet1.xml.rels
23:57:38:708 [main] DEBUG org.apache.poi.openxml4j.opc.PackageRelationshipCollection - Parsing relationship: /_rels/.rels
23:57:38:715 [main] DEBUG org.apache.poi.ooxml.POIXMLFactory - using default POIXMLDocumentPart for http://schemas.openxmlformats.org/officeDocument/2006/relationships/printerSettings
23:57:38:724 [main] DEBUG org.apache.poi.openxml4j.opc.PackageRelationshipCollection - Parsing relationship: /xl/_rels/workbook.xml.rels
23:57:38:725 [main] DEBUG org.apache.poi.openxml4j.opc.PackageRelationshipCollection - Parsing relationship: /xl/worksheets/_rels/sheet1.xml.rels
23:57:38:727 [main] DEBUG org.apache.poi.openxml4j.opc.PackageRelationshipCollection - Parsing relationship: /_rels/.rels
23:57:38:733 [main] DEBUG org.apache.poi.ooxml.POIXMLFactory - using default POIXMLDocumentPart for http://schemas.openxmlformats.org/officeDocument/2006/relationships/printerSettings
23:57:38:743 [main] DEBUG org.apache.poi.openxml4j.opc.PackageRelationshipCollection - Parsing relationship: /xl/_rels/workbook.xml.rels
23:57:38:743 [main] DEBUG org.apache.poi.openxml4j.opc.PackageRelationshipCollection - Parsing relationship: /xl/worksheets/_rels/sheet1.xml.rels
23:57:38:744 [main] DEBUG org.apache.poi.openxml4j.opc.PackageRelationshipCollection - Parsing relationship: /_rels/.rels
23:57:38:751 [main] DEBUG org.apache.poi.ooxml.POIXMLFactory - using default POIXMLDocumentPart for http://schemas.openxmlformats.org/officeDocument/2006/relationships/printerSettings
23:57:38:763 [main] DEBUG org.apache.poi.openxml4j.opc.PackageRelationshipCollection - Parsing relationship: /xl/_rels/workbook.xml.rels
23:57:38:763 [main] DEBUG org.apache.poi.openxml4j.opc.PackageRelationshipCollection - Parsing relationship: /xl/worksheets/_rels/sheet1.xml.rels
23:57:38:764 [main] DEBUG org.apache.poi.openxml4j.opc.PackageRelationshipCollection - Parsing relationship: /_rels/.rels
23:57:38:771 [main] DEBUG org.apache.poi.ooxml.POIXMLFactory - using default POIXMLDocumentPart for http://schemas.openxmlformats.org/officeDocument/2006/relationships/printerSettings
23:57:38:781 [main] DEBUG org.apache.poi.openxml4j.opc.PackageRelationshipCollection - Parsing relationship: /xl/_rels/workbook.xml.rels
23:57:38:782 [main] DEBUG org.apache.poi.openxml4j.opc.PackageRelationshipCollection - Parsing relationship: /xl/worksheets/_rels/sheet1.xml.rels
23:57:38:783 [main] DEBUG org.apache.poi.openxml4j.opc.PackageRelationshipCollection - Parsing relationship: /_rels/.rels
23:57:38:790 [main] DEBUG org.apache.poi.ooxml.POIXMLFactory - using default POIXMLDocumentPart for http://schemas.openxmlformats.org/officeDocument/2006/relationships/printerSettings
23:57:38:800 [main] DEBUG org.apache.poi.openxml4j.opc.PackageRelationshipCollection - Parsing relationship: /xl/_rels/workbook.xml.rels
23:57:38:800 [main] DEBUG org.apache.poi.openxml4j.opc.PackageRelationshipCollection - Parsing relationship: /xl/worksheets/_rels/sheet1.xml.rels
23:57:38:801 [main] DEBUG org.apache.poi.openxml4j.opc.PackageRelationshipCollection - Parsing relationship: /_rels/.rels
23:57:38:808 [main] DEBUG org.apache.poi.ooxml.POIXMLFactory - using default POIXMLDocumentPart for http://schemas.openxmlformats.org/officeDocument/2006/relationships/printerSettings
23:57:38:817 [main] DEBUG org.apache.poi.openxml4j.opc.PackageRelationshipCollection - Parsing relationship: /xl/_rels/workbook.xml.rels
23:57:38:817 [main] DEBUG org.apache.poi.openxml4j.opc.PackageRelationshipCollection - Parsing relationship: /xl/worksheets/_rels/sheet1.xml.rels
23:57:38:818 [main] DEBUG org.apache.poi.openxml4j.opc.PackageRelationshipCollection - Parsing relationship: /_rels/.rels
23:57:38:824 [main] DEBUG org.apache.poi.ooxml.POIXMLFactory - using default POIXMLDocumentPart for http://schemas.openxmlformats.org/officeDocument/2006/relationships/printerSettings
23:57:38:834 [main] DEBUG org.apache.poi.openxml4j.opc.PackageRelationshipCollection - Parsing relationship: /xl/_rels/workbook.xml.rels
23:57:38:834 [main] DEBUG org.apache.poi.openxml4j.opc.PackageRelationshipCollection - Parsing relationship: /xl/worksheets/_rels/sheet1.xml.rels
23:57:38:835 [main] DEBUG org.apache.poi.openxml4j.opc.PackageRelationshipCollection - Parsing relationship: /_rels/.rels
23:57:38:841 [main] DEBUG org.apache.poi.ooxml.POIXMLFactory - using default POIXMLDocumentPart for http://schemas.openxmlformats.org/officeDocument/2006/relationships/printerSettings
23:57:38:861 [main] INFO  testCases.TC003_LoginDDT - ****starting loginDDTtest****
23:57:40:623 [main] INFO  testCases.TC003_LoginDDT - finshed loginDDTtest****
23:57:40:632 [main] INFO  testCases.TC003_LoginDDT - ****starting loginDDTtest****
23:57:42:475 [main] INFO  testCases.TC003_LoginDDT - ****starting loginDDTtest****
23:57:44:087 [main] INFO  testCases.TC003_LoginDDT - ****starting loginDDTtest****
23:57:55:259 [main] INFO  testCases.TC003_LoginDDT - finshed loginDDTtest****
23:57:55:271 [main] INFO  testCases.TC003_LoginDDT - ****starting loginDDTtest****
23:57:58:302 [main] INFO  testCases.TC003_LoginDDT - finshed loginDDTtest****
23:58:32:429 [main] DEBUG org.testng.TestNG - suiteXmlPath: "C:\Users\tanay\eclipse-workspace\OpencartV02\master.xml"
23:58:32:707 [main] INFO  org.testng.internal.Utils - [TestNG] Running:
  C:\Users\tanay\eclipse-workspace\OpencartV02\master.xml

23:58:36:170 [main] DEBUG org.apache.poi.openxml4j.opc.PackageRelationshipCollection - Parsing relationship: /xl/_rels/workbook.xml.rels
23:58:36:178 [main] DEBUG org.apache.poi.openxml4j.opc.PackageRelationshipCollection - Parsing relationship: /xl/worksheets/_rels/sheet1.xml.rels
23:58:36:182 [main] DEBUG org.apache.poi.openxml4j.opc.PackageRelationshipCollection - Parsing relationship: /_rels/.rels
23:58:36:604 [main] DEBUG org.apache.poi.ooxml.POIXMLFactory - using default POIXMLDocumentPart for http://schemas.openxmlformats.org/officeDocument/2006/relationships/printerSettings
23:58:36:728 [main] DEBUG org.apache.poi.openxml4j.opc.PackageRelationshipCollection - Parsing relationship: /xl/_rels/workbook.xml.rels
23:58:36:729 [main] DEBUG org.apache.poi.openxml4j.opc.PackageRelationshipCollection - Parsing relationship: /xl/worksheets/_rels/sheet1.xml.rels
23:58:36:730 [main] DEBUG org.apache.poi.openxml4j.opc.PackageRelationshipCollection - Parsing relationship: /_rels/.rels
23:58:36:741 [main] DEBUG org.apache.poi.ooxml.POIXMLFactory - using default POIXMLDocumentPart for http://schemas.openxmlformats.org/officeDocument/2006/relationships/printerSettings
23:58:36:754 [main] DEBUG org.apache.poi.openxml4j.opc.PackageRelationshipCollection - Parsing relationship: /xl/_rels/workbook.xml.rels
23:58:36:755 [main] DEBUG org.apache.poi.openxml4j.opc.PackageRelationshipCollection - Parsing relationship: /xl/worksheets/_rels/sheet1.xml.rels
23:58:36:756 [main] DEBUG org.apache.poi.openxml4j.opc.PackageRelationshipCollection - Parsing relationship: /_rels/.rels
23:58:36:766 [main] DEBUG org.apache.poi.ooxml.POIXMLFactory - using default POIXMLDocumentPart for http://schemas.openxmlformats.org/officeDocument/2006/relationships/printerSettings
23:58:36:787 [main] DEBUG org.apache.poi.openxml4j.opc.PackageRelationshipCollection - Parsing relationship: /xl/_rels/workbook.xml.rels
23:58:36:788 [main] DEBUG org.apache.poi.openxml4j.opc.PackageRelationshipCollection - Parsing relationship: /xl/worksheets/_rels/sheet1.xml.rels
23:58:36:789 [main] DEBUG org.apache.poi.openxml4j.opc.PackageRelationshipCollection - Parsing relationship: /_rels/.rels
23:58:36:798 [main] DEBUG org.apache.poi.ooxml.POIXMLFactory - using default POIXMLDocumentPart for http://schemas.openxmlformats.org/officeDocument/2006/relationships/printerSettings
23:58:36:812 [main] DEBUG org.apache.poi.openxml4j.opc.PackageRelationshipCollection - Parsing relationship: /xl/_rels/workbook.xml.rels
23:58:36:813 [main] DEBUG org.apache.poi.openxml4j.opc.PackageRelationshipCollection - Parsing relationship: /xl/worksheets/_rels/sheet1.xml.rels
23:58:36:814 [main] DEBUG org.apache.poi.openxml4j.opc.PackageRelationshipCollection - Parsing relationship: /_rels/.rels
23:58:36:825 [main] DEBUG org.apache.poi.ooxml.POIXMLFactory - using default POIXMLDocumentPart for http://schemas.openxmlformats.org/officeDocument/2006/relationships/printerSettings
23:58:36:839 [main] DEBUG org.apache.poi.openxml4j.opc.PackageRelationshipCollection - Parsing relationship: /xl/_rels/workbook.xml.rels
23:58:36:840 [main] DEBUG org.apache.poi.openxml4j.opc.PackageRelationshipCollection - Parsing relationship: /xl/worksheets/_rels/sheet1.xml.rels
23:58:36:840 [main] DEBUG org.apache.poi.openxml4j.opc.PackageRelationshipCollection - Parsing relationship: /_rels/.rels
23:58:36:848 [main] DEBUG org.apache.poi.ooxml.POIXMLFactory - using default POIXMLDocumentPart for http://schemas.openxmlformats.org/officeDocument/2006/relationships/printerSettings
23:58:36:861 [main] DEBUG org.apache.poi.openxml4j.opc.PackageRelationshipCollection - Parsing relationship: /xl/_rels/workbook.xml.rels
23:58:36:862 [main] DEBUG org.apache.poi.openxml4j.opc.PackageRelationshipCollection - Parsing relationship: /xl/worksheets/_rels/sheet1.xml.rels
23:58:36:862 [main] DEBUG org.apache.poi.openxml4j.opc.PackageRelationshipCollection - Parsing relationship: /_rels/.rels
23:58:36:870 [main] DEBUG org.apache.poi.ooxml.POIXMLFactory - using default POIXMLDocumentPart for http://schemas.openxmlformats.org/officeDocument/2006/relationships/printerSettings
23:58:36:884 [main] DEBUG org.apache.poi.openxml4j.opc.PackageRelationshipCollection - Parsing relationship: /xl/_rels/workbook.xml.rels
23:58:36:885 [main] DEBUG org.apache.poi.openxml4j.opc.PackageRelationshipCollection - Parsing relationship: /xl/worksheets/_rels/sheet1.xml.rels
23:58:36:886 [main] DEBUG org.apache.poi.openxml4j.opc.PackageRelationshipCollection - Parsing relationship: /_rels/.rels
23:58:36:895 [main] DEBUG org.apache.poi.ooxml.POIXMLFactory - using default POIXMLDocumentPart for http://schemas.openxmlformats.org/officeDocument/2006/relationships/printerSettings
23:58:36:910 [main] DEBUG org.apache.poi.openxml4j.opc.PackageRelationshipCollection - Parsing relationship: /xl/_rels/workbook.xml.rels
23:58:36:911 [main] DEBUG org.apache.poi.openxml4j.opc.PackageRelationshipCollection - Parsing relationship: /xl/worksheets/_rels/sheet1.xml.rels
23:58:36:913 [main] DEBUG org.apache.poi.openxml4j.opc.PackageRelationshipCollection - Parsing relationship: /_rels/.rels
23:58:36:925 [main] DEBUG org.apache.poi.ooxml.POIXMLFactory - using default POIXMLDocumentPart for http://schemas.openxmlformats.org/officeDocument/2006/relationships/printerSettings
23:58:36:937 [main] DEBUG org.apache.poi.openxml4j.opc.PackageRelationshipCollection - Parsing relationship: /xl/_rels/workbook.xml.rels
23:58:36:937 [main] DEBUG org.apache.poi.openxml4j.opc.PackageRelationshipCollection - Parsing relationship: /xl/worksheets/_rels/sheet1.xml.rels
23:58:36:939 [main] DEBUG org.apache.poi.openxml4j.opc.PackageRelationshipCollection - Parsing relationship: /_rels/.rels
23:58:36:946 [main] DEBUG org.apache.poi.ooxml.POIXMLFactory - using default POIXMLDocumentPart for http://schemas.openxmlformats.org/officeDocument/2006/relationships/printerSettings
